#-----------------------------------------------------------
# PlanAhead v14.7 (64-bit)
# Build 321239 by xbuild on Fri Sep 27 19:29:51 MDT 2013
# Start of session at: Wed Jun 24 00:53:06 2020
# Process ID: 12032
# Log file: C:/Users/Tefa/Desktop/LAST_YEAR/Microprocessor/planAhead_run_3/planAhead.log
# Journal file: C:/Users/Tefa/Desktop/LAST_YEAR/Microprocessor/planAhead_run_3/planAhead.jou
#-----------------------------------------------------------
INFO: [Common 17-78] Attempting to get a license: PlanAhead
INFO: [Common 17-290] Got license for PlanAhead
INFO: [Device 21-36] Loading parts and site information from C:/Xilinx/14.7/ISE_DS/PlanAhead/data/parts/arch.xml
Parsing RTL primitives file [C:/Xilinx/14.7/ISE_DS/PlanAhead/data/parts/xilinx/rtl/prims/rtl_prims.xml]
Finished parsing RTL primitives file [C:/Xilinx/14.7/ISE_DS/PlanAhead/data/parts/xilinx/rtl/prims/rtl_prims.xml]
start_gui
source C:/Users/Tefa/Desktop/LAST_YEAR/Microprocessor/pa.fromNcd.tcl
# create_project -name Microprocessor -dir "C:/Users/Tefa/Desktop/LAST_YEAR/Microprocessor/planAhead_run_3" -part xc6slx9tqg144-2
create_project: Time (s): elapsed = 00:00:06 . Memory (MB): peak = 437.211 ; gain = 51.055
# set srcset [get_property srcset [current_run -impl]]
# set_property design_mode GateLvl $srcset
# set_property edif_top_file "C:/Users/Tefa/Desktop/LAST_YEAR/Microprocessor/Microprocessor.ngc" [ get_property srcset [ current_run ] ]
# add_files -norecurse { {C:/Users/Tefa/Desktop/LAST_YEAR/Microprocessor} {ipcore_dir} }
# add_files [list {ipcore_dir/RamMips.ncf}] -fileset [get_property constrset [current_run]]
# set_property target_constrs_file "E:/Digital Career/My_Final_Study/Projects/test/Microprocessor/Microprocessor.ucf" [current_fileset -constrset]
Adding file 'E:/Digital Career/My_Final_Study/Projects/test/Microprocessor/Microprocessor.ucf' to fileset 'constrs_1'
# add_files [list {E:/Digital Career/My_Final_Study/Projects/test/Microprocessor/Microprocessor.ucf}] -fileset [get_property constrset [current_run]]
# link_design
Design is defaulting to srcset: sources_1
Design is defaulting to constrset: constrs_1
Design is defaulting to project part: xc6slx9tqg144-2
Release 14.7 - ngc2edif P.20131013 (nt64)
Copyright (c) 1995-2013 Xilinx, Inc.  All rights reserved.
Reading design Microprocessor.ngc ...
WARNING:NetListWriters:298 - No output is written to Microprocessor.xncf,
   ignored.
Processing design ...
   Preping design's networks ...
   Preping design's macros ...
WARNING:NetListWriters:306 - Signal bus INS<15 : 0> on block Microprocessor is
   not reconstructed, because there are some missing bus signals.
WARNING:NetListWriters:306 - Signal bus ALURESULT<15 : 0> on block
   Microprocessor is not reconstructed, because there are some missing bus
   signals.
WARNING:NetListWriters:306 - Signal bus ALUB<15 : 0> on block Microprocessor is
   not reconstructed, because there are some missing bus signals.
WARNING:NetListWriters:306 - Signal bus n0038[12:0]<10 : 0> on block
   Microprocessor is not reconstructed, because there are some missing bus
   signals.
WARNING:NetListWriters:306 - Signal bus Madd_n0038[12:0]_cy<10 : 0> on block
   Microprocessor is not reconstructed, because there are some missing bus
   signals.
WARNING:NetListWriters:306 - Signal bus RF/MEM_7<127 : 0> on block
   Microprocessor is not reconstructed, because there are some missing bus
   signals.
  finished :Prep
Writing EDIF netlist file Microprocessor.edif ...
ngc2edif: Total memory usage is 4314224 kilobytes

Parsing EDIF File [./planAhead_run_3/Microprocessor.data/cache/Microprocessor_ngc_zx.edif]
Finished Parsing EDIF File [./planAhead_run_3/Microprocessor.data/cache/Microprocessor_ngc_zx.edif]
Release 14.7 - ngc2edif P.20131013 (nt64)
Copyright (c) 1995-2013 Xilinx, Inc.  All rights reserved.
Reading design RamMips.ngc ...
WARNING:NetListWriters:298 - No output is written to RamMips.xncf, ignored.
Processing design ...
   Preping design's networks ...
   Preping design's macros ...
  finished :Prep
Writing EDIF netlist file RamMips.edif ...
ngc2edif: Total memory usage is 4313520 kilobytes

Reading core file 'C:/Users/Tefa/Desktop/LAST_YEAR/Microprocessor/ipcore_dir/RamMips.ngc' for (cell view 'RamMips', library 'Microprocessor_lib', file 'Microprocessor.ngc')
Parsing EDIF File [./planAhead_run_3/Microprocessor.data/cache/RamMips_ngc_zx.edif]
Finished Parsing EDIF File [./planAhead_run_3/Microprocessor.data/cache/RamMips_ngc_zx.edif]
INFO: [Netlist 29-17] Analyzing 1 Unisim elements for replacement
INFO: [Netlist 29-28] Unisim Transformation completed in 0 CPU seconds
Loading clock regions from C:/Xilinx/14.7/ISE_DS/PlanAhead/data\parts/xilinx/spartan6/spartan6lx/xc6slx9/ClockRegion.xml
Loading clock buffers from C:/Xilinx/14.7/ISE_DS/PlanAhead/data\parts/xilinx/spartan6/spartan6lx/xc6slx9/ClockBuffers.xml
Loading package pin functions from C:/Xilinx/14.7/ISE_DS/PlanAhead/data\parts/xilinx/spartan6/PinFunctions.xml...
Loading package from C:/Xilinx/14.7/ISE_DS/PlanAhead/data\parts/xilinx/spartan6/spartan6lx/xc6slx9/tqg144/Package.xml
Loading io standards from C:/Xilinx/14.7/ISE_DS/PlanAhead/data\./parts/xilinx/spartan6/IOStandards.xml
Loading device configuration modes from C:/Xilinx/14.7/ISE_DS/PlanAhead/data\parts/xilinx/spartan6/ConfigModes.xml
Loading list of drcs for the architecture : C:/Xilinx/14.7/ISE_DS/PlanAhead/data\./parts/xilinx/spartan6/drc.xml
Parsing UCF File [C:/Users/Tefa/Desktop/LAST_YEAR/Microprocessor/ipcore_dir/RamMips.ncf]
Finished Parsing UCF File [C:/Users/Tefa/Desktop/LAST_YEAR/Microprocessor/ipcore_dir/RamMips.ncf]
Parsing UCF File [E:/Digital Career/My_Final_Study/Projects/test/Microprocessor/Microprocessor.ucf]
Finished Parsing UCF File [E:/Digital Career/My_Final_Study/Projects/test/Microprocessor/Microprocessor.ucf]
INFO: [Project 1-111] Unisim Transformation Summary:
  A total of 1 instances were transformed.
  BUFGP => BUFGP (IBUF, BUFG): 1 instances

Phase 0 | Netlist Checksum: 5cbb84c2
link_design: Time (s): elapsed = 00:00:33 . Memory (MB): peak = 645.816 ; gain = 206.266
# read_xdl -file "C:/Users/Tefa/Desktop/LAST_YEAR/Microprocessor/Microprocessor.ncd"
Release 14.7 - xdl P.20131013 (nt64)
Copyright (c) 1995-2013 Xilinx, Inc.  All rights reserved.

WARNING:XDL:213 - The resulting xdl output will not have LUT equation strings or RAM INIT strings.
Loading device for application Rf_Device from file '6slx9.nph' in environment C:\Xilinx\14.7\ISE_DS\ISE\.
   "Microprocessor" is an NCD, version 3.2, device xc6slx9, package tqg144, speed -2
Successfully converted design 'C:\Users\Tefa\Desktop\LAST_YEAR\Microprocessor\Microprocessor.ncd' to 'C:\Users\Tefa\Desktop\LAST_YEAR\Microprocessor\Microprocessor.xdl'.
INFO: [Designutils 20-669] Parsing Placement File : C:/Users/Tefa/Desktop/LAST_YEAR/Microprocessor/Microprocessor.ncd
INFO: [Designutils 20-658] Finished Parsing Placement File : C:/Users/Tefa/Desktop/LAST_YEAR/Microprocessor/Microprocessor.ncd
INFO: [Designutils 20-671] Placed 516 instances
read_xdl: Time (s): elapsed = 00:00:15 . Memory (MB): peak = 645.816 ; gain = 0.000
# if {[catch {read_twx -name results_1 -file "C:/Users/Tefa/Desktop/LAST_YEAR/Microprocessor/Microprocessor.twx"} eInfo]} {
#    puts "WARNING: there was a problem importing \"C:/Users/Tefa/Desktop/LAST_YEAR/Microprocessor/Microprocessor.twx\": $eInfo"
# }
exit
ERROR: [PlanAhead 12-106] *** Exception: ui.h.b: Found deleted key in HTclEventBroker. Verify if the classes listed here call cleanup()
HTclEvent: SIGNAL_MODIFY   Classes: ui.views.aR 
HTclEvent: DEBUG_CORE_CONFIG_CHANGE   Classes: ui.views.aR 
HTclEvent: DEBUG_PORT_CONFIG_CHANGE   Classes: ui.views.aR 
HTclEvent: SIGNAL_BUS_MODIFY   Classes: ui.views.aR 
 (See C:/Users/Tefa/Desktop/LAST_YEAR/Microprocessor\planAhead_pid12032.debug)
ERROR: [Common 17-39] 'stop_gui' failed due to earlier errors.
INFO: [Common 17-206] Exiting PlanAhead at Wed Jun 24 00:55:25 2020...
INFO: [Common 17-83] Releasing license: PlanAhead
