ISim log file
Running: C:\Users\Tefa\Desktop\LAST_YEAR\programcounter\programcounter_isim_beh.exe -intstyle ise -gui -tclbatch isim.cmd -wdb C:/Users/Tefa/Desktop/LAST_YEAR/programcounter/programcounter_isim_beh.wdb 
ISim P.20131013 (signature 0x8ef4fb42)
This is a Full version of ISim.
Time resolution is 1 ps
# onerror resume
# wave add /
# run 1000 ns
Simulator is doing circuit initialization process.
Finished circuit initialization process.
# isim force add /programcounter/INDATA 01 -radix bin
# isim force add /programcounter/CLK 0 -radix bin -value 1 -radix bin -time 250 ns -repeat 500 ns
# isim force add /programcounter/RESET 0 -radix bin
# isim force add /programcounter/LOAD 1 -radix bin
# run 1.00us
# run 1.00us
# isim force add /programcounter/LOAD 0 -radix bin
# run 1.00us
# run 1.00us
# isim force add /programcounter/INDATA 11 -radix bin
# run 1.00us
# run 1.00us
