INFO:sim:172 - Generating IP...
Resolving generics for 'RamMips'...
Applying external generics to 'RamMips'...
Delivering associated files for 'RamMips'...
Delivering EJava files for 'RamMips'...
Generating implementation netlist for 'RamMips'...
INFO:sim - Pre-processing HDL files for 'RamMips'...
Running synthesis for 'RamMips'
Running ngcbuild...
Writing VEO instantiation template for 'RamMips'...
Writing Verilog behavioral simulation model for 'RamMips'...
WARNING:sim - Overwriting existing file
   C:/Users/Tefa/Desktop/LAST_YEAR/Microprocessor/ipcore_dir/tmp/_cg/RamMips/doc
   /blk_mem_gen_v7_3_vinfo.html with file from view xilinx_documentation
Delivered 1 file into directory
C:/Users/Tefa/Desktop/LAST_YEAR/Microprocessor/ipcore_dir/tmp/_cg/RamMips
Generating ASY schematic symbol...
INFO:sim:949 - Finished generation of ASY schematic symbol.
Generating SYM schematic symbol for 'RamMips'...
Generating metadata file...
Generating ISE project file for 'RamMips'...
Generating ISE project...
XCO file found: RamMips.xco
XMDF file found: RamMips_xmdf.tcl
Adding
C:/Users/Tefa/Desktop/LAST_YEAR/Microprocessor/ipcore_dir/tmp/_cg/RamMips.asy
-view all -origin_type imported
Adding
C:/Users/Tefa/Desktop/LAST_YEAR/Microprocessor/ipcore_dir/tmp/_cg/RamMips.ngc
-view all -origin_type created
Checking file
"C:/Users/Tefa/Desktop/LAST_YEAR/Microprocessor/ipcore_dir/tmp/_cg/RamMips.ngc"
for project device match ...
File
"C:/Users/Tefa/Desktop/LAST_YEAR/Microprocessor/ipcore_dir/tmp/_cg/RamMips.ngc"
device information matches project device.
Adding
C:/Users/Tefa/Desktop/LAST_YEAR/Microprocessor/ipcore_dir/tmp/_cg/RamMips.sym
-view all -origin_type imported
Adding
C:/Users/Tefa/Desktop/LAST_YEAR/Microprocessor/ipcore_dir/tmp/_cg/RamMips.v
-view all -origin_type created
INFO:HDLCompiler:1845 - Analyzing Verilog file
   "C:/Users/Tefa/Desktop/LAST_YEAR/Microprocessor/ipcore_dir/tmp/_cg/RamMips.v"
   into library work
INFO:ProjectMgmt - Parsing design hierarchy completed successfully.
Adding
C:/Users/Tefa/Desktop/LAST_YEAR/Microprocessor/ipcore_dir/tmp/_cg/RamMips.veo
-view all -origin_type imported
INFO:TclTasksC:2116 - The automatic calculation of top has been turned-off.
   Please set the new top explicitly by running the "project set top" command.
   To re-calculate the new top automatically, set the "Auto Implementation Top"
   property to true.
Top level has been set to "/RamMips"
Generating README file...
Generating FLIST file...
INFO:sim:948 - Finished FLIST file generation.
Launching README viewer...
Moving files to output directory...
Finished moving files to output directory
Wrote CGP file for project 'RamMips'.
